<?xml version="1.0" encoding="UTF-8"?>
<!-- Generated by org.testng.reporters.JUnitReportReporter -->
<testsuite hostname="DESKTOP-4S79IRK" failures="0" tests="1" name="RadheShyam.LoginTest" time="6.655" errors="0" timestamp="2023-03-22T17:48:18 IST" skipped="0">
  <testcase classname="RadheShyam.LoginTest" name="Login" time="6.655"/>
  <system-out/>
</testsuite> <!-- RadheShyam.LoginTest -->
